<?xml version="1.0" encoding="UTF-8"?>
<testsuite xmlns:xsi="http://www.w3.org/2001/XMLSchema-instance" xsi:noNamespaceSchemaLocation="https://maven.apache.org/surefire/maven-surefire-plugin/xsd/surefire-test-report.xsd" name="com.upstac.medicineService.StreamLambdaHandlerTest" time="1.743" tests="2" errors="0" skipped="0" failures="1">
  <properties>
    <property name="java.specification.version" value="16"/>
    <property name="sun.jnu.encoding" value="UTF-8"/>
    <property name="java.class.path" value="/Users/sandeep.mahapatra/Desktop/Personal Projects/Upstac-App/MedicineService_Serverless/target/test-classes:/Users/sandeep.mahapatra/Desktop/Personal Projects/Upstac-App/MedicineService_Serverless/target/classes:/Users/sandeep.mahapatra/.m2/repository/com/amazonaws/serverless/aws-serverless-java-container-springboot2/1.5/aws-serverless-java-container-springboot2-1.5.jar:/Users/sandeep.mahapatra/.m2/repository/com/amazonaws/serverless/aws-serverless-java-container-core/1.5/aws-serverless-java-container-core-1.5.jar:/Users/sandeep.mahapatra/.m2/repository/com/amazonaws/aws-lambda-java-core/1.2.0/aws-lambda-java-core-1.2.0.jar:/Users/sandeep.mahapatra/.m2/repository/javax/servlet/javax.servlet-api/4.0.1/javax.servlet-api-4.0.1.jar:/Users/sandeep.mahapatra/.m2/repository/javax/ws/rs/javax.ws.rs-api/2.1/javax.ws.rs-api-2.1.jar:/Users/sandeep.mahapatra/.m2/repository/com/fasterxml/jackson/core/jackson-databind/2.10.3/jackson-databind-2.10.3.jar:/Users/sandeep.mahapatra/.m2/repository/com/fasterxml/jackson/core/jackson-annotations/2.10.3/jackson-annotations-2.10.3.jar:/Users/sandeep.mahapatra/.m2/repository/com/fasterxml/jackson/core/jackson-core/2.10.3/jackson-core-2.10.3.jar:/Users/sandeep.mahapatra/.m2/repository/com/fasterxml/jackson/module/jackson-module-afterburner/2.10.3/jackson-module-afterburner-2.10.3.jar:/Users/sandeep.mahapatra/.m2/repository/commons-fileupload/commons-fileupload/1.4/commons-fileupload-1.4.jar:/Users/sandeep.mahapatra/.m2/repository/commons-io/commons-io/2.2/commons-io-2.2.jar:/Users/sandeep.mahapatra/.m2/repository/org/apache/httpcomponents/httpmime/4.5.12/httpmime-4.5.12.jar:/Users/sandeep.mahapatra/.m2/repository/org/apache/httpcomponents/httpclient/4.5.12/httpclient-4.5.12.jar:/Users/sandeep.mahapatra/.m2/repository/commons-codec/commons-codec/1.13/commons-codec-1.13.jar:/Users/sandeep.mahapatra/.m2/repository/org/apache/httpcomponents/httpcore/4.4.13/httpcore-4.4.13.jar:/Users/sandeep.mahapatra/.m2/repository/org/jetbrains/annotations/17.0.0/annotations-17.0.0.jar:/Users/sandeep.mahapatra/.m2/repository/org/slf4j/slf4j-api/1.7.30/slf4j-api-1.7.30.jar:/Users/sandeep.mahapatra/.m2/repository/org/springframework/boot/spring-boot-starter-web/2.2.6.RELEASE/spring-boot-starter-web-2.2.6.RELEASE.jar:/Users/sandeep.mahapatra/.m2/repository/org/springframework/boot/spring-boot-starter/2.2.6.RELEASE/spring-boot-starter-2.2.6.RELEASE.jar:/Users/sandeep.mahapatra/.m2/repository/org/springframework/boot/spring-boot/2.2.6.RELEASE/spring-boot-2.2.6.RELEASE.jar:/Users/sandeep.mahapatra/.m2/repository/org/springframework/boot/spring-boot-autoconfigure/2.2.6.RELEASE/spring-boot-autoconfigure-2.2.6.RELEASE.jar:/Users/sandeep.mahapatra/.m2/repository/org/springframework/boot/spring-boot-starter-logging/2.2.6.RELEASE/spring-boot-starter-logging-2.2.6.RELEASE.jar:/Users/sandeep.mahapatra/.m2/repository/ch/qos/logback/logback-classic/1.2.3/logback-classic-1.2.3.jar:/Users/sandeep.mahapatra/.m2/repository/ch/qos/logback/logback-core/1.2.3/logback-core-1.2.3.jar:/Users/sandeep.mahapatra/.m2/repository/org/apache/logging/log4j/log4j-to-slf4j/2.12.1/log4j-to-slf4j-2.12.1.jar:/Users/sandeep.mahapatra/.m2/repository/org/apache/logging/log4j/log4j-api/2.12.1/log4j-api-2.12.1.jar:/Users/sandeep.mahapatra/.m2/repository/org/slf4j/jul-to-slf4j/1.7.30/jul-to-slf4j-1.7.30.jar:/Users/sandeep.mahapatra/.m2/repository/jakarta/annotation/jakarta.annotation-api/1.3.5/jakarta.annotation-api-1.3.5.jar:/Users/sandeep.mahapatra/.m2/repository/org/springframework/spring-core/5.2.5.RELEASE/spring-core-5.2.5.RELEASE.jar:/Users/sandeep.mahapatra/.m2/repository/org/springframework/spring-jcl/5.2.5.RELEASE/spring-jcl-5.2.5.RELEASE.jar:/Users/sandeep.mahapatra/.m2/repository/org/yaml/snakeyaml/1.25/snakeyaml-1.25.jar:/Users/sandeep.mahapatra/.m2/repository/org/springframework/boot/spring-boot-starter-json/2.2.6.RELEASE/spring-boot-starter-json-2.2.6.RELEASE.jar:/Users/sandeep.mahapatra/.m2/repository/com/fasterxml/jackson/datatype/jackson-datatype-jdk8/2.10.3/jackson-datatype-jdk8-2.10.3.jar:/Users/sandeep.mahapatra/.m2/repository/com/fasterxml/jackson/datatype/jackson-datatype-jsr310/2.10.3/jackson-datatype-jsr310-2.10.3.jar:/Users/sandeep.mahapatra/.m2/repository/com/fasterxml/jackson/module/jackson-module-parameter-names/2.10.3/jackson-module-parameter-names-2.10.3.jar:/Users/sandeep.mahapatra/.m2/repository/org/springframework/boot/spring-boot-starter-validation/2.2.6.RELEASE/spring-boot-starter-validation-2.2.6.RELEASE.jar:/Users/sandeep.mahapatra/.m2/repository/jakarta/validation/jakarta.validation-api/2.0.2/jakarta.validation-api-2.0.2.jar:/Users/sandeep.mahapatra/.m2/repository/org/hibernate/validator/hibernate-validator/6.0.18.Final/hibernate-validator-6.0.18.Final.jar:/Users/sandeep.mahapatra/.m2/repository/org/jboss/logging/jboss-logging/3.4.1.Final/jboss-logging-3.4.1.Final.jar:/Users/sandeep.mahapatra/.m2/repository/com/fasterxml/classmate/1.5.1/classmate-1.5.1.jar:/Users/sandeep.mahapatra/.m2/repository/org/springframework/spring-web/5.2.5.RELEASE/spring-web-5.2.5.RELEASE.jar:/Users/sandeep.mahapatra/.m2/repository/org/springframework/spring-beans/5.2.5.RELEASE/spring-beans-5.2.5.RELEASE.jar:/Users/sandeep.mahapatra/.m2/repository/org/springframework/spring-webmvc/5.2.5.RELEASE/spring-webmvc-5.2.5.RELEASE.jar:/Users/sandeep.mahapatra/.m2/repository/org/springframework/spring-aop/5.2.5.RELEASE/spring-aop-5.2.5.RELEASE.jar:/Users/sandeep.mahapatra/.m2/repository/org/springframework/spring-context/5.2.5.RELEASE/spring-context-5.2.5.RELEASE.jar:/Users/sandeep.mahapatra/.m2/repository/org/springframework/spring-expression/5.2.5.RELEASE/spring-expression-5.2.5.RELEASE.jar:/Users/sandeep.mahapatra/.m2/repository/junit/junit/4.12/junit-4.12.jar:/Users/sandeep.mahapatra/.m2/repository/org/hamcrest/hamcrest-core/2.1/hamcrest-core-2.1.jar:/Users/sandeep.mahapatra/.m2/repository/org/hamcrest/hamcrest/2.1/hamcrest-2.1.jar:"/>
    <property name="java.vm.vendor" value="Homebrew"/>
    <property name="sun.arch.data.model" value="64"/>
    <property name="java.vendor.url" value="https://github.com/Homebrew/homebrew-core/issues"/>
    <property name="os.name" value="Mac OS X"/>
    <property name="java.vm.specification.version" value="16"/>
    <property name="sun.java.launcher" value="SUN_STANDARD"/>
    <property name="user.country" value="IN"/>
    <property name="sun.boot.library.path" value="/usr/local/Cellar/openjdk/16.0.1/libexec/openjdk.jdk/Contents/Home/lib"/>
    <property name="sun.java.command" value="/Users/sandeep.mahapatra/Desktop/Personal Projects/Upstac-App/MedicineService_Serverless/target/surefire/surefirebooter6801835299161756126.jar /Users/sandeep.mahapatra/Desktop/Personal Projects/Upstac-App/MedicineService_Serverless/target/surefire 2021-08-17T12-40-58_859-jvmRun1 surefire15832483497719138163tmp surefire_02971521846258447616tmp"/>
    <property name="jdk.debug" value="release"/>
    <property name="surefire.test.class.path" value="/Users/sandeep.mahapatra/Desktop/Personal Projects/Upstac-App/MedicineService_Serverless/target/test-classes:/Users/sandeep.mahapatra/Desktop/Personal Projects/Upstac-App/MedicineService_Serverless/target/classes:/Users/sandeep.mahapatra/.m2/repository/com/amazonaws/serverless/aws-serverless-java-container-springboot2/1.5/aws-serverless-java-container-springboot2-1.5.jar:/Users/sandeep.mahapatra/.m2/repository/com/amazonaws/serverless/aws-serverless-java-container-core/1.5/aws-serverless-java-container-core-1.5.jar:/Users/sandeep.mahapatra/.m2/repository/com/amazonaws/aws-lambda-java-core/1.2.0/aws-lambda-java-core-1.2.0.jar:/Users/sandeep.mahapatra/.m2/repository/javax/servlet/javax.servlet-api/4.0.1/javax.servlet-api-4.0.1.jar:/Users/sandeep.mahapatra/.m2/repository/javax/ws/rs/javax.ws.rs-api/2.1/javax.ws.rs-api-2.1.jar:/Users/sandeep.mahapatra/.m2/repository/com/fasterxml/jackson/core/jackson-databind/2.10.3/jackson-databind-2.10.3.jar:/Users/sandeep.mahapatra/.m2/repository/com/fasterxml/jackson/core/jackson-annotations/2.10.3/jackson-annotations-2.10.3.jar:/Users/sandeep.mahapatra/.m2/repository/com/fasterxml/jackson/core/jackson-core/2.10.3/jackson-core-2.10.3.jar:/Users/sandeep.mahapatra/.m2/repository/com/fasterxml/jackson/module/jackson-module-afterburner/2.10.3/jackson-module-afterburner-2.10.3.jar:/Users/sandeep.mahapatra/.m2/repository/commons-fileupload/commons-fileupload/1.4/commons-fileupload-1.4.jar:/Users/sandeep.mahapatra/.m2/repository/commons-io/commons-io/2.2/commons-io-2.2.jar:/Users/sandeep.mahapatra/.m2/repository/org/apache/httpcomponents/httpmime/4.5.12/httpmime-4.5.12.jar:/Users/sandeep.mahapatra/.m2/repository/org/apache/httpcomponents/httpclient/4.5.12/httpclient-4.5.12.jar:/Users/sandeep.mahapatra/.m2/repository/commons-codec/commons-codec/1.13/commons-codec-1.13.jar:/Users/sandeep.mahapatra/.m2/repository/org/apache/httpcomponents/httpcore/4.4.13/httpcore-4.4.13.jar:/Users/sandeep.mahapatra/.m2/repository/org/jetbrains/annotations/17.0.0/annotations-17.0.0.jar:/Users/sandeep.mahapatra/.m2/repository/org/slf4j/slf4j-api/1.7.30/slf4j-api-1.7.30.jar:/Users/sandeep.mahapatra/.m2/repository/org/springframework/boot/spring-boot-starter-web/2.2.6.RELEASE/spring-boot-starter-web-2.2.6.RELEASE.jar:/Users/sandeep.mahapatra/.m2/repository/org/springframework/boot/spring-boot-starter/2.2.6.RELEASE/spring-boot-starter-2.2.6.RELEASE.jar:/Users/sandeep.mahapatra/.m2/repository/org/springframework/boot/spring-boot/2.2.6.RELEASE/spring-boot-2.2.6.RELEASE.jar:/Users/sandeep.mahapatra/.m2/repository/org/springframework/boot/spring-boot-autoconfigure/2.2.6.RELEASE/spring-boot-autoconfigure-2.2.6.RELEASE.jar:/Users/sandeep.mahapatra/.m2/repository/org/springframework/boot/spring-boot-starter-logging/2.2.6.RELEASE/spring-boot-starter-logging-2.2.6.RELEASE.jar:/Users/sandeep.mahapatra/.m2/repository/ch/qos/logback/logback-classic/1.2.3/logback-classic-1.2.3.jar:/Users/sandeep.mahapatra/.m2/repository/ch/qos/logback/logback-core/1.2.3/logback-core-1.2.3.jar:/Users/sandeep.mahapatra/.m2/repository/org/apache/logging/log4j/log4j-to-slf4j/2.12.1/log4j-to-slf4j-2.12.1.jar:/Users/sandeep.mahapatra/.m2/repository/org/apache/logging/log4j/log4j-api/2.12.1/log4j-api-2.12.1.jar:/Users/sandeep.mahapatra/.m2/repository/org/slf4j/jul-to-slf4j/1.7.30/jul-to-slf4j-1.7.30.jar:/Users/sandeep.mahapatra/.m2/repository/jakarta/annotation/jakarta.annotation-api/1.3.5/jakarta.annotation-api-1.3.5.jar:/Users/sandeep.mahapatra/.m2/repository/org/springframework/spring-core/5.2.5.RELEASE/spring-core-5.2.5.RELEASE.jar:/Users/sandeep.mahapatra/.m2/repository/org/springframework/spring-jcl/5.2.5.RELEASE/spring-jcl-5.2.5.RELEASE.jar:/Users/sandeep.mahapatra/.m2/repository/org/yaml/snakeyaml/1.25/snakeyaml-1.25.jar:/Users/sandeep.mahapatra/.m2/repository/org/springframework/boot/spring-boot-starter-json/2.2.6.RELEASE/spring-boot-starter-json-2.2.6.RELEASE.jar:/Users/sandeep.mahapatra/.m2/repository/com/fasterxml/jackson/datatype/jackson-datatype-jdk8/2.10.3/jackson-datatype-jdk8-2.10.3.jar:/Users/sandeep.mahapatra/.m2/repository/com/fasterxml/jackson/datatype/jackson-datatype-jsr310/2.10.3/jackson-datatype-jsr310-2.10.3.jar:/Users/sandeep.mahapatra/.m2/repository/com/fasterxml/jackson/module/jackson-module-parameter-names/2.10.3/jackson-module-parameter-names-2.10.3.jar:/Users/sandeep.mahapatra/.m2/repository/org/springframework/boot/spring-boot-starter-validation/2.2.6.RELEASE/spring-boot-starter-validation-2.2.6.RELEASE.jar:/Users/sandeep.mahapatra/.m2/repository/jakarta/validation/jakarta.validation-api/2.0.2/jakarta.validation-api-2.0.2.jar:/Users/sandeep.mahapatra/.m2/repository/org/hibernate/validator/hibernate-validator/6.0.18.Final/hibernate-validator-6.0.18.Final.jar:/Users/sandeep.mahapatra/.m2/repository/org/jboss/logging/jboss-logging/3.4.1.Final/jboss-logging-3.4.1.Final.jar:/Users/sandeep.mahapatra/.m2/repository/com/fasterxml/classmate/1.5.1/classmate-1.5.1.jar:/Users/sandeep.mahapatra/.m2/repository/org/springframework/spring-web/5.2.5.RELEASE/spring-web-5.2.5.RELEASE.jar:/Users/sandeep.mahapatra/.m2/repository/org/springframework/spring-beans/5.2.5.RELEASE/spring-beans-5.2.5.RELEASE.jar:/Users/sandeep.mahapatra/.m2/repository/org/springframework/spring-webmvc/5.2.5.RELEASE/spring-webmvc-5.2.5.RELEASE.jar:/Users/sandeep.mahapatra/.m2/repository/org/springframework/spring-aop/5.2.5.RELEASE/spring-aop-5.2.5.RELEASE.jar:/Users/sandeep.mahapatra/.m2/repository/org/springframework/spring-context/5.2.5.RELEASE/spring-context-5.2.5.RELEASE.jar:/Users/sandeep.mahapatra/.m2/repository/org/springframework/spring-expression/5.2.5.RELEASE/spring-expression-5.2.5.RELEASE.jar:/Users/sandeep.mahapatra/.m2/repository/junit/junit/4.12/junit-4.12.jar:/Users/sandeep.mahapatra/.m2/repository/org/hamcrest/hamcrest-core/2.1/hamcrest-core-2.1.jar:/Users/sandeep.mahapatra/.m2/repository/org/hamcrest/hamcrest/2.1/hamcrest-2.1.jar:"/>
    <property name="sun.cpu.endian" value="little"/>
    <property name="user.home" value="/Users/sandeep.mahapatra"/>
    <property name="user.language" value="en"/>
    <property name="java.specification.vendor" value="Oracle Corporation"/>
    <property name="java.version.date" value="2021-04-20"/>
    <property name="java.home" value="/usr/local/Cellar/openjdk/16.0.1/libexec/openjdk.jdk/Contents/Home"/>
    <property name="file.separator" value="/"/>
    <property name="basedir" value="/Users/sandeep.mahapatra/Desktop/Personal Projects/Upstac-App/MedicineService_Serverless"/>
    <property name="java.vm.compressedOopsMode" value="Zero based"/>
    <property name="line.separator" value="&#10;"/>
    <property name="java.vm.specification.vendor" value="Oracle Corporation"/>
    <property name="java.specification.name" value="Java Platform API Specification"/>
    <property name="surefire.real.class.path" value="/Users/sandeep.mahapatra/Desktop/Personal Projects/Upstac-App/MedicineService_Serverless/target/surefire/surefirebooter6801835299161756126.jar"/>
    <property name="sun.management.compiler" value="HotSpot 64-Bit Tiered Compilers"/>
    <property name="java.runtime.version" value="16.0.1+0"/>
    <property name="user.name" value="sandeep.mahapatra"/>
    <property name="path.separator" value=":"/>
    <property name="os.version" value="10.15.6"/>
    <property name="java.runtime.name" value="OpenJDK Runtime Environment"/>
    <property name="file.encoding" value="US-ASCII"/>
    <property name="java.vm.name" value="OpenJDK 64-Bit Server VM"/>
    <property name="java.vendor.version" value="Homebrew"/>
    <property name="localRepository" value="/Users/sandeep.mahapatra/.m2/repository"/>
    <property name="java.vendor.url.bug" value="https://github.com/Homebrew/homebrew-core/issues"/>
    <property name="java.io.tmpdir" value="/var/folders/1y/x_xtgym96qx242rppw12vw207vnbq9/T/"/>
    <property name="java.version" value="16.0.1"/>
    <property name="user.dir" value="/Users/sandeep.mahapatra/Desktop/Personal Projects/Upstac-App/MedicineService_Serverless"/>
    <property name="os.arch" value="x86_64"/>
    <property name="java.vm.specification.name" value="Java Virtual Machine Specification"/>
    <property name="java.library.path" value="/Users/sandeep.mahapatra/Library/Java/Extensions:/Library/Java/Extensions:/Network/Library/Java/Extensions:/System/Library/Java/Extensions:/usr/lib/java:."/>
    <property name="java.vm.info" value="mixed mode, sharing"/>
    <property name="java.vendor" value="Homebrew"/>
    <property name="java.vm.version" value="16.0.1+0"/>
    <property name="sun.io.unicode.encoding" value="UnicodeBig"/>
    <property name="java.class.version" value="60.0"/>
  </properties>
  <testcase name="ping_streamRequest_respondsWithHello" classname="com.upstac.medicineService.StreamLambdaHandlerTest" time="0.065"/>
  <testcase name="invalidResource_streamRequest_responds404" classname="com.upstac.medicineService.StreamLambdaHandlerTest" time="0.011">
    <failure message="expected:&lt;404&gt; but was:&lt;200&gt;" type="java.lang.AssertionError"><![CDATA[java.lang.AssertionError: expected:<404> but was:<200>
	at com.upstac.medicineService.StreamLambdaHandlerTest.invalidResource_streamRequest_responds404(StreamLambdaHandlerTest.java:69)
]]></failure>
  </testcase>
</testsuite>